[debug] [2022-11-05T18:02:21.613Z] ----------------------------------------------------------------------
[debug] [2022-11-05T18:02:21.618Z] Command:       C:\Program Files\nodejs\node.exe C:\Users\HP-PC\AppData\Roaming\npm\node_modules\firebase-tools\lib\bin\firebase.js init
[debug] [2022-11-05T18:02:21.620Z] CLI Version:   11.16.0
[debug] [2022-11-05T18:02:21.620Z] Platform:      win32
[debug] [2022-11-05T18:02:21.621Z] Node Version:  v16.15.1
[debug] [2022-11-05T18:02:21.623Z] Time:          Sat Nov 05 2022 23:32:21 GMT+0530 (India Standard Time)
[debug] [2022-11-05T18:02:21.624Z] ----------------------------------------------------------------------
[debug] 
[debug] [2022-11-05T18:02:21.659Z] >>> [apiv2][query] GET https://firebase-public.firebaseio.com/cli.json [none]
[debug] [2022-11-05T18:02:21.753Z] > command requires scopes: ["email","openid","https://www.googleapis.com/auth/cloudplatformprojects.readonly","https://www.googleapis.com/auth/firebase","https://www.googleapis.com/auth/cloud-platform"]
[debug] [2022-11-05T18:02:21.753Z] > authorizing via signed-in user (vgopaldps1@gmail.com)
[info] 
     ######## #### ########  ######## ########     ###     ######  ########
     ##        ##  ##     ## ##       ##     ##  ##   ##  ##       ##
     ######    ##  ########  ######   ########  #########  ######  ######
     ##        ##  ##    ##  ##       ##     ## ##     ##       ## ##
     ##       #### ##     ## ######## ########  ##     ##  ######  ########

You're about to initialize a Firebase project in this directory:

  E:\APPDEV\React-Native\ThePowerQuizApp

[debug] [2022-11-05T18:02:22.918Z] <<< [apiv2][status] GET https://firebase-public.firebaseio.com/cli.json 200
[debug] [2022-11-05T18:02:22.919Z] <<< [apiv2][body] GET https://firebase-public.firebaseio.com/cli.json {"cloudBuildErrorAfter":1594252800000,"cloudBuildWarnAfter":1590019200000,"defaultNode10After":1594252800000,"minVersion":"3.0.5","node8DeploysDisabledAfter":1613390400000,"node8RuntimeDisabledAfter":1615809600000,"node8WarnAfter":1600128000000}
